2025-05-28 13:38:48 - AJOUTER - Error: SQLSTATE[23000]: Integrity constraint violation: 1062 Duplicate entry '' for key 'code_projet'
2025-05-28 13:38:50 - AJOUTER - Error: SQLSTATE[23000]: Integrity constraint violation: 1062 Duplicate entry '' for key 'code_projet'
2025-05-28 13:38:52 - AJOUTER - Error: SQLSTATE[23000]: Integrity constraint violation: 1062 Duplicate entry '' for key 'code_projet'
2025-05-28 21:55:55 - AJOUTER - Error: SQLSTATE[23000]: Integrity constraint violation: 1062 Duplicate entry 'PRJ001' for key 'code_projet'
2025-05-28 22:13:05 - AJOUTER - Error: SQLSTATE[23000]: Integrity constraint violation: 1062 Duplicate entry 'INV-2025-05-014' for key 'code_projet'
2025-05-28 22:13:07 - AJOUTER - Error: SQLSTATE[23000]: Integrity constraint violation: 1062 Duplicate entry 'INV-2025-05-014' for key 'code_projet'
2025-05-28 22:17:27 - AJOUTER - Error: SQLSTATE[HY093]: Invalid parameter number: number of bound variables does not match number of tokens
2025-05-28 22:17:28 - AJOUTER - Error: SQLSTATE[HY093]: Invalid parameter number: number of bound variables does not match number of tokens
2025-05-28 22:17:28 - AJOUTER - Error: SQLSTATE[HY093]: Invalid parameter number: number of bound variables does not match number of tokens
2025-05-28 22:17:30 - AJOUTER - Error: SQLSTATE[HY093]: Invalid parameter number: number of bound variables does not match number of tokens
2025-05-28 22:18:02 - AJOUTER - Error: SQLSTATE[HY093]: Invalid parameter number: number of bound variables does not match number of tokens
2025-05-28 22:22:09 - AJOUTER - Error: SQLSTATE[HY093]: Invalid parameter number: number of bound variables does not match number of tokens
2025-05-28 22:22:11 - AJOUTER - Error: SQLSTATE[HY093]: Invalid parameter number: number of bound variables does not match number of tokens
2025-05-28 22:30:52 - AJOUTER - Error: SQLSTATE[HY093]: Invalid parameter number: number of bound variables does not match number of tokens
2025-05-28 22:30:54 - AJOUTER - Error: SQLSTATE[HY093]: Invalid parameter number: number of bound variables does not match number of tokens
2025-05-28 22:32:05 - AJOUTER - Error: SQLSTATE[HY093]: Invalid parameter number: number of bound variables does not match number of tokens
2025-05-28 22:32:37 - AJOUTER - Error: SQLSTATE[HY093]: Invalid parameter number: number of bound variables does not match number of tokens
2025-05-28 22:32:38 - AJOUTER - Error: SQLSTATE[HY093]: Invalid parameter number: number of bound variables does not match number of tokens
2025-05-28 22:32:39 - AJOUTER - Error: SQLSTATE[HY093]: Invalid parameter number: number of bound variables does not match number of tokens
2025-05-28 22:33:14 - AJOUTER - Error: SQLSTATE[HY093]: Invalid parameter number: number of bound variables does not match number of tokens
2025-05-28 22:33:19 - AJOUTER - Error: SQLSTATE[HY093]: Invalid parameter number: number of bound variables does not match number of tokens
2025-05-28 22:36:47 - AJOUTER - Error: SQLSTATE[HY093]: Invalid parameter number: number of bound variables does not match number of tokens
2025-05-28 22:37:02 - AJOUTER - Error: SQLSTATE[HY093]: Invalid parameter number: number of bound variables does not match number of tokens
2025-05-29 00:44:26 - AJOUTER - Error: SQLSTATE[23000]: Integrity constraint violation: 1062 Duplicate entry '' for key 'code_projet'
2025-05-29 00:44:28 - AJOUTER - Error: SQLSTATE[23000]: Integrity constraint violation: 1062 Duplicate entry '' for key 'code_projet'
2025-05-29 01:58:08 - MODIFIER - Error: SQLSTATE[HY093]: Invalid parameter number: number of bound variables does not match number of tokens
2025-05-29 01:58:09 - MODIFIER - Error: SQLSTATE[HY093]: Invalid parameter number: number of bound variables does not match number of tokens
2025-05-29 01:58:09 - MODIFIER - Error: SQLSTATE[HY093]: Invalid parameter number: number of bound variables does not match number of tokens
2025-05-29 01:58:10 - MODIFIER - Error: SQLSTATE[HY093]: Invalid parameter number: number of bound variables does not match number of tokens
2025-05-29 01:58:10 - MODIFIER - Error: SQLSTATE[HY093]: Invalid parameter number: number of bound variables does not match number of tokens
2025-05-29 01:58:10 - MODIFIER - Error: SQLSTATE[HY093]: Invalid parameter number: number of bound variables does not match number of tokens
2025-05-29 01:58:10 - MODIFIER - Error: SQLSTATE[HY093]: Invalid parameter number: number of bound variables does not match number of tokens
2025-05-29 01:58:10 - MODIFIER - Error: SQLSTATE[HY093]: Invalid parameter number: number of bound variables does not match number of tokens
2025-05-29 01:58:10 - MODIFIER - Error: SQLSTATE[HY093]: Invalid parameter number: number of bound variables does not match number of tokens
2025-05-29 01:58:10 - MODIFIER - Error: SQLSTATE[HY093]: Invalid parameter number: number of bound variables does not match number of tokens
2025-05-29 01:58:11 - MODIFIER - Error: SQLSTATE[HY093]: Invalid parameter number: number of bound variables does not match number of tokens
2025-05-29 01:58:11 - MODIFIER - Error: SQLSTATE[HY093]: Invalid parameter number: number of bound variables does not match number of tokens
2025-05-29 01:58:11 - MODIFIER - Error: SQLSTATE[HY093]: Invalid parameter number: number of bound variables does not match number of tokens
2025-05-29 01:58:11 - MODIFIER - Error: SQLSTATE[HY093]: Invalid parameter number: number of bound variables does not match number of tokens
2025-05-29 01:58:11 - MODIFIER - Error: SQLSTATE[HY093]: Invalid parameter number: number of bound variables does not match number of tokens
2025-05-29 01:58:11 - MODIFIER - Error: SQLSTATE[HY093]: Invalid parameter number: number of bound variables does not match number of tokens
2025-05-29 01:58:11 - MODIFIER - Error: SQLSTATE[HY093]: Invalid parameter number: number of bound variables does not match number of tokens
2025-05-29 01:58:39 - MODIFIER - Error: SQLSTATE[HY093]: Invalid parameter number: number of bound variables does not match number of tokens
2025-05-29 01:58:40 - MODIFIER - Error: SQLSTATE[HY093]: Invalid parameter number: number of bound variables does not match number of tokens
2025-05-29 01:58:40 - MODIFIER - Error: SQLSTATE[HY093]: Invalid parameter number: number of bound variables does not match number of tokens
2025-05-29 01:58:40 - MODIFIER - Error: SQLSTATE[HY093]: Invalid parameter number: number of bound variables does not match number of tokens
2025-05-29 01:59:51 - MODIFIER - Error: SQLSTATE[HY093]: Invalid parameter number: number of bound variables does not match number of tokens
2025-05-29 04:07:53 - AJOUTER - Error: SQLSTATE[23000]: Integrity constraint violation: 1062 Duplicate entry 'INV-2025-06-001' for key 'code_projet'
2025-05-29 04:21:40 - AJOUTER - Error: SQLSTATE[23000]: Integrity constraint violation: 1062 Duplicate entry 'INV-2025-06-101' for key 'code_projet'
